[15-Jul-2017 03:41:24 UTC] PHP Fatal error:  Cannot redeclare class wp\Comment in /home/ubuntu/workspace/week2/task3/classes/comment.php on line 0
[15-Jul-2017 03:41:24 UTC] PHP Stack trace:
[15-Jul-2017 03:41:24 UTC] PHP   1. {main}() /home/ubuntu/workspace/week2/task3/index.php:0
[15-Jul-2017 03:41:24 UTC] PHP   2. include() /home/ubuntu/workspace/week2/task3/index.php:8
[15-Jul-2017 03:41:24 UTC] PHP   3. include_once() /home/ubuntu/workspace/week2/task3/classes/postSeeder.php:8
[15-Jul-2017 04:26:45 UTC] PHP Fatal error:  Cannot redeclare class wp\Post in /home/ubuntu/workspace/week2/task3/classes/comment.php on line 7
[15-Jul-2017 04:26:45 UTC] PHP Stack trace:
[15-Jul-2017 04:26:45 UTC] PHP   1. {main}() /home/ubuntu/workspace/week2/task3/index.php:0
[15-Jul-2017 04:26:45 UTC] PHP   2. include() /home/ubuntu/workspace/week2/task3/index.php:8
[15-Jul-2017 04:26:45 UTC] PHP   3. include_once() /home/ubuntu/workspace/week2/task3/classes/postSeeder.php:8
[15-Jul-2017 04:31:05 UTC] PHP Fatal error:  Call to undefined method wp\Post::getCommentMessage() in /home/ubuntu/workspace/week2/task3/classes/post.php on line 45
[15-Jul-2017 04:31:05 UTC] PHP Stack trace:
[15-Jul-2017 04:31:05 UTC] PHP   1. {main}() /home/ubuntu/workspace/week2/task3/index.php:0
[15-Jul-2017 04:31:05 UTC] PHP   2. wp\Post->getComments() /home/ubuntu/workspace/week2/task3/index.php:91
[15-Jul-2017 04:31:23 UTC] PHP Fatal error:  Call to undefined method wp\Post::getCommentMessage() in /home/ubuntu/workspace/week2/task3/classes/post.php on line 46
[15-Jul-2017 04:31:23 UTC] PHP Stack trace:
[15-Jul-2017 04:31:23 UTC] PHP   1. {main}() /home/ubuntu/workspace/week2/task3/index.php:0
[15-Jul-2017 04:31:23 UTC] PHP   2. wp\Post->getComments() /home/ubuntu/workspace/week2/task3/index.php:91
[15-Jul-2017 04:31:30 UTC] PHP Fatal error:  Call to undefined method wp\Post::getCommentMessage() in /home/ubuntu/workspace/week2/task3/classes/post.php on line 46
[15-Jul-2017 04:31:30 UTC] PHP Stack trace:
[15-Jul-2017 04:31:30 UTC] PHP   1. {main}() /home/ubuntu/workspace/week2/task3/index.php:0
[15-Jul-2017 04:31:30 UTC] PHP   2. wp\Post->getComments() /home/ubuntu/workspace/week2/task3/index.php:91
[15-Jul-2017 04:33:52 UTC] PHP Fatal error:  Call to undefined method wp\Post::getCommentMessage() in /home/ubuntu/workspace/week2/task3/classes/post.php on line 46
[15-Jul-2017 04:33:52 UTC] PHP Stack trace:
[15-Jul-2017 04:33:52 UTC] PHP   1. {main}() /home/ubuntu/workspace/week2/task3/index.php:0
[15-Jul-2017 04:33:52 UTC] PHP   2. wp\Post->getComments() /home/ubuntu/workspace/week2/task3/index.php:91
[15-Jul-2017 04:34:14 UTC] PHP Fatal error:  Call to a member function getCommentMessage() on a non-object in /home/ubuntu/workspace/week2/task3/classes/post.php on line 46
[15-Jul-2017 04:34:14 UTC] PHP Stack trace:
[15-Jul-2017 04:34:14 UTC] PHP   1. {main}() /home/ubuntu/workspace/week2/task3/index.php:0
[15-Jul-2017 04:34:14 UTC] PHP   2. wp\Post->getComments() /home/ubuntu/workspace/week2/task3/index.php:91
[15-Jul-2017 04:34:21 UTC] PHP Fatal error:  Call to undefined method wp\Post::getCommentMessage() in /home/ubuntu/workspace/week2/task3/classes/post.php on line 46
[15-Jul-2017 04:34:21 UTC] PHP Stack trace:
[15-Jul-2017 04:34:21 UTC] PHP   1. {main}() /home/ubuntu/workspace/week2/task3/index.php:0
[15-Jul-2017 04:34:21 UTC] PHP   2. wp\Post->getComments() /home/ubuntu/workspace/week2/task3/index.php:91
[15-Jul-2017 04:38:08 UTC] PHP Fatal error:  Call to undefined method wp\Post::getComments() in /home/ubuntu/workspace/week2/task3/index.php on line 91
[15-Jul-2017 04:38:08 UTC] PHP Stack trace:
[15-Jul-2017 04:38:08 UTC] PHP   1. {main}() /home/ubuntu/workspace/week2/task3/index.php:0
[15-Jul-2017 04:38:34 UTC] PHP Fatal error:  Call to undefined method wp\Post::getComments() in /home/ubuntu/workspace/week2/task3/index.php on line 91
[15-Jul-2017 04:38:34 UTC] PHP Stack trace:
[15-Jul-2017 04:38:34 UTC] PHP   1. {main}() /home/ubuntu/workspace/week2/task3/index.php:0
[15-Jul-2017 04:38:58 UTC] PHP Fatal error:  Call to undefined method wp\Post::getComments() in /home/ubuntu/workspace/week2/task3/index.php on line 91
[15-Jul-2017 04:38:58 UTC] PHP Stack trace:
[15-Jul-2017 04:38:58 UTC] PHP   1. {main}() /home/ubuntu/workspace/week2/task3/index.php:0
[15-Jul-2017 04:41:17 UTC] PHP Fatal error:  Call to undefined method wp\Post::getComments() in /home/ubuntu/workspace/week2/task3/index.php on line 91
[15-Jul-2017 04:41:17 UTC] PHP Stack trace:
[15-Jul-2017 04:41:17 UTC] PHP   1. {main}() /home/ubuntu/workspace/week2/task3/index.php:0
[15-Jul-2017 04:41:30 UTC] PHP Fatal error:  Call to undefined method wp\Post::getComments() in /home/ubuntu/workspace/week2/task3/index.php on line 91
[15-Jul-2017 04:41:30 UTC] PHP Stack trace:
[15-Jul-2017 04:41:30 UTC] PHP   1. {main}() /home/ubuntu/workspace/week2/task3/index.php:0
[15-Jul-2017 04:41:45 UTC] PHP Fatal error:  Call to undefined method wp\Post::getComments() in /home/ubuntu/workspace/week2/task3/index.php on line 91
[15-Jul-2017 04:41:45 UTC] PHP Stack trace:
[15-Jul-2017 04:41:45 UTC] PHP   1. {main}() /home/ubuntu/workspace/week2/task3/index.php:0
[15-Jul-2017 04:41:57 UTC] PHP Fatal error:  Call to undefined method wp\Post::getComments() in /home/ubuntu/workspace/week2/task3/index.php on line 91
[15-Jul-2017 04:41:57 UTC] PHP Stack trace:
[15-Jul-2017 04:41:57 UTC] PHP   1. {main}() /home/ubuntu/workspace/week2/task3/index.php:0
[15-Jul-2017 04:42:04 UTC] PHP Fatal error:  Call to undefined method wp\Post::getComments() in /home/ubuntu/workspace/week2/task3/index.php on line 91
[15-Jul-2017 04:42:04 UTC] PHP Stack trace:
[15-Jul-2017 04:42:04 UTC] PHP   1. {main}() /home/ubuntu/workspace/week2/task3/index.php:0
[15-Jul-2017 04:46:34 UTC] PHP Warning:  include_once(Comment.php): failed to open stream: No such file or directory in /home/ubuntu/workspace/week2/task2.1/classes/commentSeeder.php on line 8
[15-Jul-2017 04:46:34 UTC] PHP Stack trace:
[15-Jul-2017 04:46:34 UTC] PHP   1. {main}() /home/ubuntu/workspace/week2/task2.1/index.php:0
[15-Jul-2017 04:46:34 UTC] PHP   2. include() /home/ubuntu/workspace/week2/task2.1/index.php:15
[15-Jul-2017 04:46:34 UTC] PHP Warning:  include_once(): Failed opening 'Comment.php' for inclusion (include_path='.:/usr/share/php:/usr/share/pear') in /home/ubuntu/workspace/week2/task2.1/classes/commentSeeder.php on line 8
[15-Jul-2017 04:46:34 UTC] PHP Stack trace:
[15-Jul-2017 04:46:34 UTC] PHP   1. {main}() /home/ubuntu/workspace/week2/task2.1/index.php:0
[15-Jul-2017 04:46:34 UTC] PHP   2. include() /home/ubuntu/workspace/week2/task2.1/index.php:15
[15-Jul-2017 04:46:34 UTC] PHP Fatal error:  Class 'wp\Comment' not found in /home/ubuntu/workspace/week2/task2.1/classes/commentSeeder.php on line 14
[15-Jul-2017 04:46:34 UTC] PHP Stack trace:
[15-Jul-2017 04:46:34 UTC] PHP   1. {main}() /home/ubuntu/workspace/week2/task2.1/index.php:0
[15-Jul-2017 04:46:34 UTC] PHP   2. wp\CommentSeeder::seed() /home/ubuntu/workspace/week2/task2.1/index.php:16
[15-Jul-2017 04:46:51 UTC] PHP Fatal error:  Cannot redeclare class wp\Post in /home/ubuntu/workspace/week2/task2.1/classes/comment.php on line 5
[15-Jul-2017 04:46:51 UTC] PHP Stack trace:
[15-Jul-2017 04:46:51 UTC] PHP   1. {main}() /home/ubuntu/workspace/week2/task2.1/index.php:0
[15-Jul-2017 04:46:51 UTC] PHP   2. include() /home/ubuntu/workspace/week2/task2.1/index.php:15
[15-Jul-2017 04:47:27 UTC] PHP Fatal error:  Cannot redeclare class wp\Post in /home/ubuntu/workspace/week2/task2.1/classes/comment.php on line 5
[15-Jul-2017 04:47:27 UTC] PHP Stack trace:
[15-Jul-2017 04:47:27 UTC] PHP   1. {main}() /home/ubuntu/workspace/week2/task2.1/index.php:0
[15-Jul-2017 04:47:27 UTC] PHP   2. include() /home/ubuntu/workspace/week2/task2.1/index.php:15
[15-Jul-2017 04:48:10 UTC] PHP Fatal error:  Cannot redeclare class wp\Post in /home/ubuntu/workspace/week2/task2.1/classes/comment.php on line 5
[15-Jul-2017 04:48:10 UTC] PHP Stack trace:
[15-Jul-2017 04:48:10 UTC] PHP   1. {main}() /home/ubuntu/workspace/week2/task2.1/index.php:0
[15-Jul-2017 04:48:10 UTC] PHP   2. include() /home/ubuntu/workspace/week2/task2.1/index.php:15
[15-Jul-2017 04:48:48 UTC] PHP Fatal error:  Call to undefined method wp\Comment::getComment() in /home/ubuntu/workspace/week2/task2.1/index.php on line 98
[15-Jul-2017 04:48:48 UTC] PHP Stack trace:
[15-Jul-2017 04:48:48 UTC] PHP   1. {main}() /home/ubuntu/workspace/week2/task2.1/index.php:0
[15-Jul-2017 04:49:20 UTC] PHP Fatal error:  Call to undefined method wp\Comment::getComment() in /home/ubuntu/workspace/week2/task2.1/index.php on line 98
[15-Jul-2017 04:49:20 UTC] PHP Stack trace:
[15-Jul-2017 04:49:20 UTC] PHP   1. {main}() /home/ubuntu/workspace/week2/task2.1/index.php:0
[15-Jul-2017 04:49:37 UTC] PHP Fatal error:  Call to undefined method wp\Comment::getComment() in /home/ubuntu/workspace/week2/task2.1/index.php on line 98
[15-Jul-2017 04:49:37 UTC] PHP Stack trace:
[15-Jul-2017 04:49:37 UTC] PHP   1. {main}() /home/ubuntu/workspace/week2/task2.1/index.php:0
[15-Jul-2017 04:54:38 UTC] PHP Warning:  Missing argument 3 for wp\Comment::__construct(), called in /home/ubuntu/workspace/week2/task2.1/classes/commentSeeder.php on line 14 and defined in /home/ubuntu/workspace/week2/task2.1/classes/comment.php on line 13
[15-Jul-2017 04:54:38 UTC] PHP Stack trace:
[15-Jul-2017 04:54:38 UTC] PHP   1. {main}() /home/ubuntu/workspace/week2/task2.1/index.php:0
[15-Jul-2017 04:54:38 UTC] PHP   2. wp\CommentSeeder::seed() /home/ubuntu/workspace/week2/task2.1/index.php:14
[15-Jul-2017 04:54:38 UTC] PHP   3. wp\Comment->__construct() /home/ubuntu/workspace/week2/task2.1/classes/commentSeeder.php:14
[15-Jul-2017 04:54:38 UTC] PHP Warning:  Missing argument 3 for wp\Comment::__construct(), called in /home/ubuntu/workspace/week2/task2.1/classes/commentSeeder.php on line 15 and defined in /home/ubuntu/workspace/week2/task2.1/classes/comment.php on line 13
[15-Jul-2017 04:54:38 UTC] PHP Stack trace:
[15-Jul-2017 04:54:38 UTC] PHP   1. {main}() /home/ubuntu/workspace/week2/task2.1/index.php:0
[15-Jul-2017 04:54:38 UTC] PHP   2. wp\CommentSeeder::seed() /home/ubuntu/workspace/week2/task2.1/index.php:14
[15-Jul-2017 04:54:38 UTC] PHP   3. wp\Comment->__construct() /home/ubuntu/workspace/week2/task2.1/classes/commentSeeder.php:15
[15-Jul-2017 04:54:38 UTC] PHP Warning:  Missing argument 3 for wp\Comment::__construct(), called in /home/ubuntu/workspace/week2/task2.1/classes/commentSeeder.php on line 16 and defined in /home/ubuntu/workspace/week2/task2.1/classes/comment.php on line 13
[15-Jul-2017 04:54:38 UTC] PHP Stack trace:
[15-Jul-2017 04:54:38 UTC] PHP   1. {main}() /home/ubuntu/workspace/week2/task2.1/index.php:0
[15-Jul-2017 04:54:38 UTC] PHP   2. wp\CommentSeeder::seed() /home/ubuntu/workspace/week2/task2.1/index.php:14
[15-Jul-2017 04:54:38 UTC] PHP   3. wp\Comment->__construct() /home/ubuntu/workspace/week2/task2.1/classes/commentSeeder.php:16
[15-Jul-2017 04:56:27 UTC] PHP Fatal error:  Call to a member function getCommentUser() on a non-object in /home/ubuntu/workspace/week2/task2.1/classes/comment.php on line 37
[15-Jul-2017 04:56:27 UTC] PHP Stack trace:
[15-Jul-2017 04:56:27 UTC] PHP   1. {main}() /home/ubuntu/workspace/week2/task2.1/index.php:0
[15-Jul-2017 04:56:27 UTC] PHP   2. include() /home/ubuntu/workspace/week2/task2.1/index.php:13
[15-Jul-2017 04:56:27 UTC] PHP   3. include_once() /home/ubuntu/workspace/week2/task2.1/classes/commentSeeder.php:8
[15-Jul-2017 23:51:45 UTC] PHP Parse error:  syntax error, unexpected '}' in /home/ubuntu/workspace/week2/task2.1/classes/comment.php on line 36
[15-Jul-2017 23:51:45 UTC] PHP Stack trace:
[15-Jul-2017 23:51:45 UTC] PHP   1. {main}() /home/ubuntu/workspace/week2/task2.1/index.php:0
[15-Jul-2017 23:51:45 UTC] PHP   2. include() /home/ubuntu/workspace/week2/task2.1/index.php:13
[15-Jul-2017 23:52:36 UTC] PHP Fatal error:  Call to a member function getCommentUser() on a non-object in /home/ubuntu/workspace/week2/task2.1/classes/comment.php on line 32
[15-Jul-2017 23:52:36 UTC] PHP Stack trace:
[15-Jul-2017 23:52:36 UTC] PHP   1. {main}() /home/ubuntu/workspace/week2/task2.1/index.php:0
[15-Jul-2017 23:52:36 UTC] PHP   2. include() /home/ubuntu/workspace/week2/task2.1/index.php:13
[15-Jul-2017 23:52:36 UTC] PHP   3. include_once() /home/ubuntu/workspace/week2/task2.1/classes/commentSeeder.php:8
[18-Jul-2017 11:06:02 UTC] PHP Fatal error:  Call to a member function addComment() on a non-object in /home/ubuntu/workspace/week2/task3/classes/comment.php on line 12
[18-Jul-2017 11:06:02 UTC] PHP Stack trace:
[18-Jul-2017 11:06:02 UTC] PHP   1. {main}() /home/ubuntu/workspace/week2/task3/index.php:0
[18-Jul-2017 11:06:02 UTC] PHP   2. include() /home/ubuntu/workspace/week2/task3/index.php:8
[18-Jul-2017 11:06:02 UTC] PHP   3. include_once() /home/ubuntu/workspace/week2/task3/classes/postSeeder.php:8
[18-Jul-2017 11:06:02 UTC] PHP   4. include() /home/ubuntu/workspace/week2/task3/classes/post.php:4
[18-Jul-2017 11:06:21 UTC] PHP Warning:  Invalid argument supplied for foreach() in /home/ubuntu/workspace/week2/task3/index.php on line 92
[18-Jul-2017 11:06:21 UTC] PHP Stack trace:
[18-Jul-2017 11:06:21 UTC] PHP   1. {main}() /home/ubuntu/workspace/week2/task3/index.php:0
[18-Jul-2017 11:06:21 UTC] PHP Warning:  Invalid argument supplied for foreach() in /home/ubuntu/workspace/week2/task3/index.php on line 92
[18-Jul-2017 11:06:21 UTC] PHP Stack trace:
[18-Jul-2017 11:06:21 UTC] PHP   1. {main}() /home/ubuntu/workspace/week2/task3/index.php:0
[18-Jul-2017 11:06:21 UTC] PHP Warning:  Invalid argument supplied for foreach() in /home/ubuntu/workspace/week2/task3/index.php on line 92
[18-Jul-2017 11:06:21 UTC] PHP Stack trace:
[18-Jul-2017 11:06:21 UTC] PHP   1. {main}() /home/ubuntu/workspace/week2/task3/index.php:0
[19-Jul-2017 03:17:28 UTC] PHP Warning:  Invalid argument supplied for foreach() in /home/ubuntu/workspace/week2/task3/index.php on line 92
[19-Jul-2017 03:17:28 UTC] PHP Stack trace:
[19-Jul-2017 03:17:28 UTC] PHP   1. {main}() /home/ubuntu/workspace/week2/task3/index.php:0
[19-Jul-2017 03:17:28 UTC] PHP Warning:  Invalid argument supplied for foreach() in /home/ubuntu/workspace/week2/task3/index.php on line 92
[19-Jul-2017 03:17:28 UTC] PHP Stack trace:
[19-Jul-2017 03:17:28 UTC] PHP   1. {main}() /home/ubuntu/workspace/week2/task3/index.php:0
[19-Jul-2017 03:17:28 UTC] PHP Warning:  Invalid argument supplied for foreach() in /home/ubuntu/workspace/week2/task3/index.php on line 92
[19-Jul-2017 03:17:28 UTC] PHP Stack trace:
[19-Jul-2017 03:17:28 UTC] PHP   1. {main}() /home/ubuntu/workspace/week2/task3/index.php:0
[19-Jul-2017 03:17:54 UTC] PHP Parse error:  syntax error, unexpected end of file in /home/ubuntu/workspace/week2/task3-test/index.php on line 109
[19-Jul-2017 04:23:08 UTC] PHP Parse error:  syntax error, unexpected '}' in /home/ubuntu/workspace/week2/task3-test/index.php on line 100
[19-Jul-2017 04:25:43 UTC] PHP Parse error:  syntax error, unexpected end of file in /home/ubuntu/workspace/week2/task3-test/index.php on line 102
[19-Jul-2017 04:27:39 UTC] PHP Warning:  Invalid argument supplied for foreach() in /home/ubuntu/workspace/week2/task3/index.php on line 92
[19-Jul-2017 04:27:39 UTC] PHP Stack trace:
[19-Jul-2017 04:27:39 UTC] PHP   1. {main}() /home/ubuntu/workspace/week2/task3/index.php:0
[19-Jul-2017 04:27:39 UTC] PHP Warning:  Invalid argument supplied for foreach() in /home/ubuntu/workspace/week2/task3/index.php on line 92
[19-Jul-2017 04:27:39 UTC] PHP Stack trace:
[19-Jul-2017 04:27:39 UTC] PHP   1. {main}() /home/ubuntu/workspace/week2/task3/index.php:0
[19-Jul-2017 04:27:39 UTC] PHP Warning:  Invalid argument supplied for foreach() in /home/ubuntu/workspace/week2/task3/index.php on line 92
[19-Jul-2017 04:27:39 UTC] PHP Stack trace:
[19-Jul-2017 04:27:39 UTC] PHP   1. {main}() /home/ubuntu/workspace/week2/task3/index.php:0
[19-Jul-2017 04:56:07 UTC] PHP Parse error:  syntax error, unexpected '?>', expecting ')' in /home/ubuntu/workspace/week2/task3.1/classes/comments.php on line 16
[19-Jul-2017 04:56:07 UTC] PHP Stack trace:
[19-Jul-2017 04:56:07 UTC] PHP   1. {main}() /home/ubuntu/workspace/week2/task3.1/index.php:0
[19-Jul-2017 04:56:07 UTC] PHP   2. include() /home/ubuntu/workspace/week2/task3.1/index.php:8
[19-Jul-2017 04:56:07 UTC] PHP   3. include_once() /home/ubuntu/workspace/week2/task3.1/classes/postSeeder.php:8
[19-Jul-2017 07:51:32 UTC] PHP Warning:  include(comments.php): failed to open stream: No such file or directory in /home/ubuntu/workspace/week2/task3/classes/post.php on line 6
[19-Jul-2017 07:51:32 UTC] PHP Stack trace:
[19-Jul-2017 07:51:32 UTC] PHP   1. {main}() /home/ubuntu/workspace/week2/task3/index.php:0
[19-Jul-2017 07:51:32 UTC] PHP   2. include() /home/ubuntu/workspace/week2/task3/index.php:8
[19-Jul-2017 07:51:32 UTC] PHP   3. include_once() /home/ubuntu/workspace/week2/task3/classes/postSeeder.php:8
[19-Jul-2017 07:51:32 UTC] PHP Warning:  include(): Failed opening 'comments.php' for inclusion (include_path='.:/usr/share/php:/usr/share/pear') in /home/ubuntu/workspace/week2/task3/classes/post.php on line 6
[19-Jul-2017 07:51:32 UTC] PHP Stack trace:
[19-Jul-2017 07:51:32 UTC] PHP   1. {main}() /home/ubuntu/workspace/week2/task3/index.php:0
[19-Jul-2017 07:51:32 UTC] PHP   2. include() /home/ubuntu/workspace/week2/task3/index.php:8
[19-Jul-2017 07:51:32 UTC] PHP   3. include_once() /home/ubuntu/workspace/week2/task3/classes/postSeeder.php:8
[19-Jul-2017 07:54:15 UTC] PHP Fatal error:  Class 'wp\Comment' not found in /home/ubuntu/workspace/week2/task3/classes/post.php on line 49
[19-Jul-2017 07:54:15 UTC] PHP Stack trace:
[19-Jul-2017 07:54:15 UTC] PHP   1. {main}() /home/ubuntu/workspace/week2/task3/index.php:0
[19-Jul-2017 07:54:15 UTC] PHP   2. wp\PostSeeder::seed() /home/ubuntu/workspace/week2/task3/index.php:9
[19-Jul-2017 07:54:15 UTC] PHP   3. wp\Post->addComment() /home/ubuntu/workspace/week2/task3/classes/postSeeder.php:15
[19-Jul-2017 07:54:50 UTC] PHP Fatal error:  Cannot redeclare class wp\Comments in /home/ubuntu/workspace/week2/task3/classes/comment.php on line 17
[19-Jul-2017 07:54:50 UTC] PHP Stack trace:
[19-Jul-2017 07:54:50 UTC] PHP   1. {main}() /home/ubuntu/workspace/week2/task3/index.php:0
[19-Jul-2017 07:54:50 UTC] PHP   2. include() /home/ubuntu/workspace/week2/task3/index.php:9
[19-Jul-2017 07:54:50 UTC] PHP   3. include_once() /home/ubuntu/workspace/week2/task3/classes/postSeeder.php:8
[19-Jul-2017 07:55:30 UTC] PHP Fatal error:  Class 'wp\Comment' not found in /home/ubuntu/workspace/week2/task3/classes/post.php on line 49
[19-Jul-2017 07:55:30 UTC] PHP Stack trace:
[19-Jul-2017 07:55:30 UTC] PHP   1. {main}() /home/ubuntu/workspace/week2/task3/index.php:0
[19-Jul-2017 07:55:30 UTC] PHP   2. wp\PostSeeder::seed() /home/ubuntu/workspace/week2/task3/index.php:9
[19-Jul-2017 07:55:30 UTC] PHP   3. wp\Post->addComment() /home/ubuntu/workspace/week2/task3/classes/postSeeder.php:15
[19-Jul-2017 07:55:53 UTC] PHP Warning:  log() expects parameter 1 to be double, array given in /home/ubuntu/workspace/week2/task3/classes/post.php on line 51
[19-Jul-2017 07:55:53 UTC] PHP Stack trace:
[19-Jul-2017 07:55:53 UTC] PHP   1. {main}() /home/ubuntu/workspace/week2/task3/index.php:0
[19-Jul-2017 07:55:53 UTC] PHP   2. wp\PostSeeder::seed() /home/ubuntu/workspace/week2/task3/index.php:9
[19-Jul-2017 07:55:53 UTC] PHP   3. wp\Post->addComment() /home/ubuntu/workspace/week2/task3/classes/postSeeder.php:15
[19-Jul-2017 07:55:53 UTC] PHP   4. log() /home/ubuntu/workspace/week2/task3/classes/post.php:51
[19-Jul-2017 07:55:53 UTC] PHP Fatal error:  Cannot use object of type wp\Comment as array in /home/ubuntu/workspace/week2/task3/index.php on line 94
[19-Jul-2017 07:55:53 UTC] PHP Stack trace:
[19-Jul-2017 07:55:53 UTC] PHP   1. {main}() /home/ubuntu/workspace/week2/task3/index.php:0
[19-Jul-2017 07:57:04 UTC] PHP Warning:  log() expects parameter 1 to be double, array given in /home/ubuntu/workspace/week2/task3/classes/post.php on line 51
[19-Jul-2017 07:57:04 UTC] PHP Stack trace:
[19-Jul-2017 07:57:04 UTC] PHP   1. {main}() /home/ubuntu/workspace/week2/task3/index.php:0
[19-Jul-2017 07:57:04 UTC] PHP   2. wp\PostSeeder::seed() /home/ubuntu/workspace/week2/task3/index.php:9
[19-Jul-2017 07:57:04 UTC] PHP   3. wp\Post->addComment() /home/ubuntu/workspace/week2/task3/classes/postSeeder.php:15
[19-Jul-2017 07:57:04 UTC] PHP   4. log() /home/ubuntu/workspace/week2/task3/classes/post.php:51
[19-Jul-2017 08:00:21 UTC] PHP Warning:  Missing argument 3 for wp\Comment::__construct(), called in /home/ubuntu/workspace/week2/task3/classes/post.php on line 49 and defined in /home/ubuntu/workspace/week2/task3/classes/comment.php on line 8
[19-Jul-2017 08:00:21 UTC] PHP Stack trace:
[19-Jul-2017 08:00:21 UTC] PHP   1. {main}() /home/ubuntu/workspace/week2/task3/index.php:0
[19-Jul-2017 08:00:21 UTC] PHP   2. wp\PostSeeder::seed() /home/ubuntu/workspace/week2/task3/index.php:9
[19-Jul-2017 08:00:21 UTC] PHP   3. wp\Post->addComment() /home/ubuntu/workspace/week2/task3/classes/postSeeder.php:15
[19-Jul-2017 08:00:21 UTC] PHP   4. wp\Comment->__construct() /home/ubuntu/workspace/week2/task3/classes/post.php:49
[19-Jul-2017 08:00:21 UTC] PHP Warning:  Missing argument 3 for wp\Comment::__construct(), called in /home/ubuntu/workspace/week2/task3/classes/post.php on line 49 and defined in /home/ubuntu/workspace/week2/task3/classes/comment.php on line 8
[19-Jul-2017 08:00:21 UTC] PHP Stack trace:
[19-Jul-2017 08:00:21 UTC] PHP   1. {main}() /home/ubuntu/workspace/week2/task3/index.php:0
[19-Jul-2017 08:00:21 UTC] PHP   2. wp\PostSeeder::seed() /home/ubuntu/workspace/week2/task3/index.php:9
[19-Jul-2017 08:00:21 UTC] PHP   3. wp\Post->addComment() /home/ubuntu/workspace/week2/task3/classes/postSeeder.php:16
[19-Jul-2017 08:00:21 UTC] PHP   4. wp\Comment->__construct() /home/ubuntu/workspace/week2/task3/classes/post.php:49
[19-Jul-2017 08:00:51 UTC] PHP Warning:  Missing argument 3 for wp\Post::addComment(), called in /home/ubuntu/workspace/week2/task3/classes/postSeeder.php on line 15 and defined in /home/ubuntu/workspace/week2/task3/classes/post.php on line 48
[19-Jul-2017 08:00:51 UTC] PHP Stack trace:
[19-Jul-2017 08:00:51 UTC] PHP   1. {main}() /home/ubuntu/workspace/week2/task3/index.php:0
[19-Jul-2017 08:00:51 UTC] PHP   2. wp\PostSeeder::seed() /home/ubuntu/workspace/week2/task3/index.php:9
[19-Jul-2017 08:00:51 UTC] PHP   3. wp\Post->addComment() /home/ubuntu/workspace/week2/task3/classes/postSeeder.php:15
[19-Jul-2017 08:01:01 UTC] PHP Warning:  Missing argument 3 for wp\Post::addComment(), called in /home/ubuntu/workspace/week2/task3/classes/postSeeder.php on line 15 and defined in /home/ubuntu/workspace/week2/task3/classes/post.php on line 48
[19-Jul-2017 08:01:01 UTC] PHP Stack trace:
[19-Jul-2017 08:01:01 UTC] PHP   1. {main}() /home/ubuntu/workspace/week2/task3/index.php:0
[19-Jul-2017 08:01:01 UTC] PHP   2. wp\PostSeeder::seed() /home/ubuntu/workspace/week2/task3/index.php:9
[19-Jul-2017 08:01:01 UTC] PHP   3. wp\Post->addComment() /home/ubuntu/workspace/week2/task3/classes/postSeeder.php:15
[19-Jul-2017 08:01:16 UTC] PHP Warning:  Missing argument 3 for wp\Post::addComment(), called in /home/ubuntu/workspace/week2/task3/classes/postSeeder.php on line 15 and defined in /home/ubuntu/workspace/week2/task3/classes/post.php on line 48
[19-Jul-2017 08:01:16 UTC] PHP Stack trace:
[19-Jul-2017 08:01:16 UTC] PHP   1. {main}() /home/ubuntu/workspace/week2/task3/index.php:0
[19-Jul-2017 08:01:16 UTC] PHP   2. wp\PostSeeder::seed() /home/ubuntu/workspace/week2/task3/index.php:9
[19-Jul-2017 08:01:16 UTC] PHP   3. wp\Post->addComment() /home/ubuntu/workspace/week2/task3/classes/postSeeder.php:15
[19-Jul-2017 08:01:34 UTC] PHP Warning:  Missing argument 3 for wp\Post::addComment(), called in /home/ubuntu/workspace/week2/task3/classes/postSeeder.php on line 15 and defined in /home/ubuntu/workspace/week2/task3/classes/post.php on line 48
[19-Jul-2017 08:01:34 UTC] PHP Stack trace:
[19-Jul-2017 08:01:34 UTC] PHP   1. {main}() /home/ubuntu/workspace/week2/task3/index.php:0
[19-Jul-2017 08:01:34 UTC] PHP   2. wp\PostSeeder::seed() /home/ubuntu/workspace/week2/task3/index.php:9
[19-Jul-2017 08:01:34 UTC] PHP   3. wp\Post->addComment() /home/ubuntu/workspace/week2/task3/classes/postSeeder.php:15
