[10-Apr-2017 02:24:18 UTC] PHP Warning:  include(/home/ubuntu/workspace/webdev/week4/blank/app/Http/Kernel.php): failed to open stream: No such file or directory in /home/ubuntu/workspace/webdev/week4/blank/vendor/composer/ClassLoader.php on line 412
[10-Apr-2017 02:24:18 UTC] PHP Warning:  include(): Failed opening '/home/ubuntu/workspace/webdev/week4/blank/vendor/composer/../../app/Http/Kernel.php' for inclusion (include_path='.:/usr/share/php') in /home/ubuntu/workspace/webdev/week4/blank/vendor/composer/ClassLoader.php on line 412
[10-Apr-2017 02:24:18 UTC] PHP Fatal error:  Uncaught ReflectionException: Class App\Http\Kernel does not exist in /home/ubuntu/workspace/webdev/week4/blank/vendor/laravel/framework/src/Illuminate/Container/Container.php:719
Stack trace:
#0 /home/ubuntu/workspace/webdev/week4/blank/vendor/laravel/framework/src/Illuminate/Container/Container.php(719): ReflectionClass->__construct('App\\Http\\Kernel')
#1 /home/ubuntu/workspace/webdev/week4/blank/vendor/laravel/framework/src/Illuminate/Container/Container.php(598): Illuminate\Container\Container->build('App\\Http\\Kernel')
#2 /home/ubuntu/workspace/webdev/week4/blank/vendor/laravel/framework/src/Illuminate/Container/Container.php(567): Illuminate\Container\Container->resolve('App\\Http\\Kernel')
#3 /home/ubuntu/workspace/webdev/week4/blank/vendor/laravel/framework/src/Illuminate/Foundation/Application.php(708): Illuminate\Container\Container->make('App\\Http\\Kernel')
#4 /home/ubuntu/workspace/webdev/week4/blank/vendor/laravel/framework/src/Illuminate/Container/Container.php(246): Illuminate\Foundation\App in /home/ubuntu/workspace/webdev/week4/blank/vendor/laravel/framework/src/Illuminate/Container/Container.php on line 719
[10-Apr-2017 02:24:56 UTC] PHP Warning:  include(/home/ubuntu/workspace/webdev/week4/blank/vendor/composer/../../app/Http/Kernel.php): failed to open stream: No such file or directory in /home/ubuntu/workspace/webdev/week4/blank/vendor/composer/ClassLoader.php on line 412
[10-Apr-2017 02:24:56 UTC] PHP Warning:  include(): Failed opening '/home/ubuntu/workspace/webdev/week4/blank/vendor/composer/../../app/Http/Kernel.php' for inclusion (include_path='.:/usr/share/php') in /home/ubuntu/workspace/webdev/week4/blank/vendor/composer/ClassLoader.php on line 412
[10-Apr-2017 02:24:56 UTC] PHP Fatal error:  Uncaught ReflectionException: Class App\Http\Kernel does not exist in /home/ubuntu/workspace/webdev/week4/blank/vendor/laravel/framework/src/Illuminate/Container/Container.php:719
Stack trace:
#0 /home/ubuntu/workspace/webdev/week4/blank/vendor/laravel/framework/src/Illuminate/Container/Container.php(719): ReflectionClass->__construct('App\\Http\\Kernel')
#1 /home/ubuntu/workspace/webdev/week4/blank/vendor/laravel/framework/src/Illuminate/Container/Container.php(598): Illuminate\Container\Container->build('App\\Http\\Kernel')
#2 /home/ubuntu/workspace/webdev/week4/blank/vendor/laravel/framework/src/Illuminate/Container/Container.php(567): Illuminate\Container\Container->resolve('App\\Http\\Kernel')
#3 /home/ubuntu/workspace/webdev/week4/blank/vendor/laravel/framework/src/Illuminate/Foundation/Application.php(708): Illuminate\Container\Container->make('App\\Http\\Kernel')
#4 /home/ubuntu/workspace/webdev/week4/blank/vendor/laravel/framework/src/Illuminate/Container/Container.php(246): Illuminate\Foundation\App in /home/ubuntu/workspace/webdev/week4/blank/vendor/laravel/framework/src/Illuminate/Container/Container.php on line 719
[10-Apr-2017 02:25:02 UTC] PHP Warning:  include(/home/ubuntu/workspace/webdev/week4/blank/vendor/composer/../../app/Http/Kernel.php): failed to open stream: No such file or directory in /home/ubuntu/workspace/webdev/week4/blank/vendor/composer/ClassLoader.php on line 412
[10-Apr-2017 02:25:02 UTC] PHP Warning:  include(): Failed opening '/home/ubuntu/workspace/webdev/week4/blank/vendor/composer/../../app/Http/Kernel.php' for inclusion (include_path='.:/usr/share/php') in /home/ubuntu/workspace/webdev/week4/blank/vendor/composer/ClassLoader.php on line 412
[10-Apr-2017 02:25:02 UTC] PHP Fatal error:  Uncaught ReflectionException: Class App\Http\Kernel does not exist in /home/ubuntu/workspace/webdev/week4/blank/vendor/laravel/framework/src/Illuminate/Container/Container.php:719
Stack trace:
#0 /home/ubuntu/workspace/webdev/week4/blank/vendor/laravel/framework/src/Illuminate/Container/Container.php(719): ReflectionClass->__construct('App\\Http\\Kernel')
#1 /home/ubuntu/workspace/webdev/week4/blank/vendor/laravel/framework/src/Illuminate/Container/Container.php(598): Illuminate\Container\Container->build('App\\Http\\Kernel')
#2 /home/ubuntu/workspace/webdev/week4/blank/vendor/laravel/framework/src/Illuminate/Container/Container.php(567): Illuminate\Container\Container->resolve('App\\Http\\Kernel')
#3 /home/ubuntu/workspace/webdev/week4/blank/vendor/laravel/framework/src/Illuminate/Foundation/Application.php(708): Illuminate\Container\Container->make('App\\Http\\Kernel')
#4 /home/ubuntu/workspace/webdev/week4/blank/vendor/laravel/framework/src/Illuminate/Container/Container.php(246): Illuminate\Foundation\App in /home/ubuntu/workspace/webdev/week4/blank/vendor/laravel/framework/src/Illuminate/Container/Container.php on line 719
[10-Apr-2017 02:25:05 UTC] PHP Warning:  include(/home/ubuntu/workspace/webdev/week4/blank/vendor/composer/../../app/Http/Kernel.php): failed to open stream: No such file or directory in /home/ubuntu/workspace/webdev/week4/blank/vendor/composer/ClassLoader.php on line 412
[10-Apr-2017 02:25:05 UTC] PHP Warning:  include(): Failed opening '/home/ubuntu/workspace/webdev/week4/blank/vendor/composer/../../app/Http/Kernel.php' for inclusion (include_path='.:/usr/share/php') in /home/ubuntu/workspace/webdev/week4/blank/vendor/composer/ClassLoader.php on line 412
[10-Apr-2017 02:25:05 UTC] PHP Fatal error:  Uncaught ReflectionException: Class App\Http\Kernel does not exist in /home/ubuntu/workspace/webdev/week4/blank/vendor/laravel/framework/src/Illuminate/Container/Container.php:719
Stack trace:
#0 /home/ubuntu/workspace/webdev/week4/blank/vendor/laravel/framework/src/Illuminate/Container/Container.php(719): ReflectionClass->__construct('App\\Http\\Kernel')
#1 /home/ubuntu/workspace/webdev/week4/blank/vendor/laravel/framework/src/Illuminate/Container/Container.php(598): Illuminate\Container\Container->build('App\\Http\\Kernel')
#2 /home/ubuntu/workspace/webdev/week4/blank/vendor/laravel/framework/src/Illuminate/Container/Container.php(567): Illuminate\Container\Container->resolve('App\\Http\\Kernel')
#3 /home/ubuntu/workspace/webdev/week4/blank/vendor/laravel/framework/src/Illuminate/Foundation/Application.php(708): Illuminate\Container\Container->make('App\\Http\\Kernel')
#4 /home/ubuntu/workspace/webdev/week4/blank/vendor/laravel/framework/src/Illuminate/Container/Container.php(246): Illuminate\Foundation\App in /home/ubuntu/workspace/webdev/week4/blank/vendor/laravel/framework/src/Illuminate/Container/Container.php on line 719
[28-Jul-2017 06:08:56 UTC] PHP Warning:  require(/home/ubuntu/workspace/WebDev-Examples/week4/assoc-laravel/bootstrap/../vendor/autoload.php): failed to open stream: No such file or directory in /home/ubuntu/workspace/WebDev-Examples/week4/assoc-laravel/bootstrap/autoload.php on line 17
[28-Jul-2017 06:08:56 UTC] PHP Fatal error:  require(): Failed opening required '/home/ubuntu/workspace/WebDev-Examples/week4/assoc-laravel/bootstrap/../vendor/autoload.php' (include_path='.:/usr/share/php') in /home/ubuntu/workspace/WebDev-Examples/week4/assoc-laravel/bootstrap/autoload.php on line 17
[02-Aug-2017 01:52:53 UTC] PHP Fatal error:  Cannot use isset() on the result of an expression (you can use "null !== expression" instead) in /home/ubuntu/workspace/week4/task5/storage/framework/views/d0d6b4df037222168051b1b50f0c53084ea2d832.php on line 12
